<?xml version="1.0" encoding="UTF-8"?>
<!-- Generated by org.testng.reporters.JUnitXMLReporter -->
<testsuite hostname="DESKTOP-06066V5" ignored="0" name="Command line test" tests="6" failures="0" timestamp="2021-03-12T14:16:20 IST" time="0.054" errors="0">
  <testcase name="iosApp" time="0.005" classname="Automation.Mavenjava.AppiumTest"/>
  <testcase name="nativeAppAndroid" time="0.0" classname="Automation.Mavenjava.AppiumTest"/>
  <testcase name="deleteTwitter" time="0.0" classname="Automation.Mavenjava.RestAPITest"/>
  <testcase name="postJira" time="0.001" classname="Automation.Mavenjava.RestAPITest"/>
  <testcase name="browserAutomation" time="0.0" classname="Automation.Mavenjava.SeleniumTest"/>
  <testcase name="elementsUi" time="0.0" classname="Automation.Mavenjava.SeleniumTest"/>
</testsuite> <!-- Command line test -->
