<?xml version="1.0" encoding="UTF-8"?>
<!-- Generated by org.testng.reporters.JUnitXMLReporter -->
<testsuite hostname="DESKTOP-06066V5" ignored="0" name="Test" tests="4" failures="0" timestamp="2021-03-12T14:20:12 IST" time="0.067" errors="0">
  <testcase name="browserAutomation" time="0.006" classname="Automation.Mavenjava.SeleniumTest"/>
  <testcase name="elementsUi" time="0.001" classname="Automation.Mavenjava.SeleniumTest"/>
  <testcase name="deleteTwitter" time="0.001" classname="Automation.Mavenjava.RestAPITest"/>
  <testcase name="postJira" time="0.0" classname="Automation.Mavenjava.RestAPITest"/>
</testsuite> <!-- Test -->
